[     972ms] [ERROR]  Note that 'script-src' was not explicitly set, so 'default-src' is used as a fallback. @ https://polite-werewolf-55.accounts.dev/_next/static/chunks/pages/_app-2fc9629367be2ce2.js:18
[    1290ms] [WARNING] Clerk: Clerk has been loaded with development keys. Development instances have strict usage limits and should not be used when deploying your application to production. Learn more: https://clerk.com/docs/deployments/overview @ https://polite-werewolf-55.accounts.dev/_next/static/chunks/pages/_app-2fc9629367be2ce2.js:14
[    1617ms] [ERROR] Access to fetch at 'https://clerk-telemetry.com/v1/event' from origin 'https://polite-werewolf-55.accounts.dev' has been blocked by CORS policy: No 'Access-Control-Allow-Origin' header is present on the requested resource. @ https://polite-werewolf-55.accounts.dev/sign-in?__clerk_ticket=eyJhbGciOiJSUzI1NiIsInR5cCI6IkpXVCJ9.eyJlaXMiOjMwMCwiZXhwIjoxNzgxOTk2MjQyLCJpaWQiOiJpbnNfM0U3RVFVUU4yb3VtZVNpbTRFdzFtWWpGa1FoIiwic2lkIjoic2l0XzNGUThUbDdqUFltUlJsRUhoVjlTNGE2ZWlwUiIsInN0Ijoic2lnbl9pbl90b2tlbiJ9.LJU6HWfqKFDI3G13dVi3yW3td3Fn5fnjo8ayDQsEh-vpc3Cg6odDcPLCd7qgTbgTCyFer31yY1zfypdCBfdtJE9aItQLgz_ln3JlgKSI_eimzkz78dz-WD6lCBJ6mG0W1Oc-Ol_WLMWyHRLVhL9MXzrXimnI1ikv-nRywwPJJgaKJxxceUHhPrlUsXUr8J6IWb5ybT9gPo0Gk1WtxqT2uSWLQ1jvhiTwJ_mR8yjeC9l_nlrq9AYxY4W1AupzgGCMIVTJE5X7H7XdFNWcs-Xz2NPZPiwIMQUuazZZ6qQ115TmEPIuFzQjphhWZcEO-Ybl23s2EeBcfw_ryuwkPZkWFA:0
[    1617ms] [ERROR] Failed to load resource: net::ERR_FAILED @ https://clerk-telemetry.com/v1/event:0
[    1671ms] [WARNING] Clerk: Structural CSS detected that may break on updates.

Found:
  - CSS "body.cl-component"
  - CSS ".cl-component .button:focus-visible"

These selectors depend on the internal DOM structure of Clerk's components, which may change when Clerk deploys component updates.
To prevent breaking changes, install @clerk/ui and pass it to ClerkProvider:

  import { ui } from '@clerk/ui'
  <ClerkProvider ui={ui}>

Learn more: https://clerk.com/docs/reference/components/versioning
(code=structural_css_pin_clerk_ui) @ https://polite-werewolf-55.accounts.dev/_next/static/chunks/pages/_app-2fc9629367be2ce2.js:14
[    1702ms] [ERROR] Access to fetch at 'https://clerk-telemetry.com/v1/event' from origin 'https://polite-werewolf-55.accounts.dev' has been blocked by CORS policy: No 'Access-Control-Allow-Origin' header is present on the requested resource. @ https://polite-werewolf-55.accounts.dev/sign-in?__clerk_ticket=eyJhbGciOiJSUzI1NiIsInR5cCI6IkpXVCJ9.eyJlaXMiOjMwMCwiZXhwIjoxNzgxOTk2MjQyLCJpaWQiOiJpbnNfM0U3RVFVUU4yb3VtZVNpbTRFdzFtWWpGa1FoIiwic2lkIjoic2l0XzNGUThUbDdqUFltUlJsRUhoVjlTNGE2ZWlwUiIsInN0Ijoic2lnbl9pbl90b2tlbiJ9.LJU6HWfqKFDI3G13dVi3yW3td3Fn5fnjo8ayDQsEh-vpc3Cg6odDcPLCd7qgTbgTCyFer31yY1zfypdCBfdtJE9aItQLgz_ln3JlgKSI_eimzkz78dz-WD6lCBJ6mG0W1Oc-Ol_WLMWyHRLVhL9MXzrXimnI1ikv-nRywwPJJgaKJxxceUHhPrlUsXUr8J6IWb5ybT9gPo0Gk1WtxqT2uSWLQ1jvhiTwJ_mR8yjeC9l_nlrq9AYxY4W1AupzgGCMIVTJE5X7H7XdFNWcs-Xz2NPZPiwIMQUuazZZ6qQ115TmEPIuFzQjphhWZcEO-Ybl23s2EeBcfw_ryuwkPZkWFA:0
[    1702ms] [ERROR] Failed to load resource: net::ERR_FAILED @ https://clerk-telemetry.com/v1/event:0
[    2282ms] [ERROR] Error: <svg> attribute width: Expected length, "fit-content". @ https://polite-werewolf-55.accounts.dev/_next/static/chunks/framework-155d793edb9d37ef.js:0
[    2293ms] [ERROR] Error: <svg> attribute width: Expected length, "fit-content". @ https://polite-werewolf-55.accounts.dev/_next/static/chunks/framework-155d793edb9d37ef.js:0
[   27439ms] [ERROR] Failed to load resource: the server responded with a status of 404 (Not Found) @ http://localhost:4000/:0
[   27449ms] [ERROR] Failed to load resource: the server responded with a status of 404 (Not Found) @ http://localhost:4000/favicon.ico:0
