[     598ms] [INFO] %cDownload the React DevTools for a better development experience: https://react.dev/link/react-devtools font-weight:bold @ http://localhost:3000/_next/static/chunks/9453e_next_dist_compiled_react-dom_0f99cfc7._.js:14537
[     999ms] [LOG] [Fast Refresh] rebuilding @ http://localhost:3000/_next/static/chunks/9453e_next_dist_client_0ce180a2._.js:5956
[    1000ms] [LOG] [Fast Refresh] done in 179ms @ http://localhost:3000/_next/static/chunks/9453e_next_dist_client_0ce180a2._.js:5816
[    1020ms] [LOG] %c[Vercel Speed Insights]%c Debug mode is enabled by default in development. No requests will be sent to the server. color: rgb(120, 120, 120) color: inherit @ https://va.vercel-scripts.com/v1/speed-insights/script.debug.js:0
[    1022ms] [LOG] %c[Vercel Web Analytics]%c Debug mode is enabled by default in development. No requests will be sent to the server. color: rgb(120, 120, 120) color: inherit @ https://va.vercel-scripts.com/v1/script.debug.js:0
[    1022ms] [LOG] %c[Vercel Web Analytics]%c Running queued event color: rgb(120, 120, 120) color: inherit pageview {route: /landing, path: /landing} @ https://va.vercel-scripts.com/v1/script.debug.js:0
[    1022ms] [LOG] %c[Vercel Web Analytics]%c Running queued event color: rgb(120, 120, 120) color: inherit pageview {route: /landing, path: /landing} @ https://va.vercel-scripts.com/v1/script.debug.js:0
[    1022ms] [LOG] %c[Vercel Web Analytics]%c [view] http://localhost:3000/landing color: rgb(120, 120, 120) color: inherit {o: http://localhost:3000/landing, sv: 0.1.3, sdkn: @vercel/analytics/next, sdkv: 1.6.1, ts: 1781996459554} /_vercel/insights/view @ https://va.vercel-scripts.com/v1/script.debug.js:0
[    1022ms] [LOG] %c[Vercel Web Analytics]%c [view] http://localhost:3000/landing color: rgb(120, 120, 120) color: inherit {o: http://localhost:3000/landing, sv: 0.1.3, sdkn: @vercel/analytics/next, sdkv: 1.6.1, ts: 1781996459554} /_vercel/insights/view @ https://va.vercel-scripts.com/v1/script.debug.js:0
[    1156ms] [WARNING] Clerk: Clerk has been loaded with development keys. Development instances have strict usage limits and should not be used when deploying your application to production. Learn more: https://clerk.com/docs/deployments/overview @ https://polite-werewolf-55.clerk.accounts.dev/npm/@clerk/clerk-js@6/dist/clerk.browser.js:11
[    2194ms] [VERBOSE] [DOM] Password forms should have (optionally hidden) username fields for accessibility: (More info: https://goo.gl/9p2vKq) %o @ http://localhost:3000/landing:0
[    2194ms] [VERBOSE] [DOM] Password forms should have (optionally hidden) username fields for accessibility: (More info: https://goo.gl/9p2vKq) %o @ http://localhost:3000/landing:0
[    8514ms] [LOG] %c[Vercel Speed Insights]%c [vitals] color: rgb(120, 120, 120) color: inherit {speed: 4g, metrics: Array(5), scriptVersion: 0.1.3, sdkName: @vercel/speed-insights/next, sdkVersion: 1.3.1} /_vercel/speed-insights/vitals @ https://va.vercel-scripts.com/v1/speed-insights/script.debug.js:0
[    8514ms] [LOG] %c[Vercel Speed Insights]%c [vitals] color: rgb(120, 120, 120) color: inherit {speed: 4g, metrics: Array(1), scriptVersion: 0.1.3, sdkName: @vercel/speed-insights/next, sdkVersion: 1.3.1} /_vercel/speed-insights/vitals @ https://va.vercel-scripts.com/v1/speed-insights/script.debug.js:0
[    8562ms] [INFO] %cDownload the React DevTools for a better development experience: https://react.dev/link/react-devtools font-weight:bold @ http://localhost:3000/_next/static/chunks/9453e_next_dist_compiled_react-dom_0f99cfc7._.js:14537
[    8695ms] [WARNING] Clerk: Clerk has been loaded with development keys. Development instances have strict usage limits and should not be used when deploying your application to production. Learn more: https://clerk.com/docs/deployments/overview @ https://polite-werewolf-55.clerk.accounts.dev/npm/@clerk/clerk-js@6/dist/clerk.browser.js:11
[    8763ms] [LOG] %c[Vercel Web Analytics]%c Debug mode is enabled by default in development. No requests will be sent to the server. color: rgb(120, 120, 120) color: inherit @ https://va.vercel-scripts.com/v1/script.debug.js:0
[    8763ms] [LOG] %c[Vercel Web Analytics]%c Running queued event color: rgb(120, 120, 120) color: inherit pageview {route: /, path: /} @ https://va.vercel-scripts.com/v1/script.debug.js:0
[    8763ms] [LOG] %c[Vercel Web Analytics]%c Running queued event color: rgb(120, 120, 120) color: inherit pageview {route: /, path: /} @ https://va.vercel-scripts.com/v1/script.debug.js:0
[    8763ms] [LOG] %c[Vercel Web Analytics]%c [view] http://localhost:3000/ color: rgb(120, 120, 120) color: inherit {o: http://localhost:3000/, sv: 0.1.3, sdkn: @vercel/analytics/next, sdkv: 1.6.1, ts: 1781996467294} /_vercel/insights/view @ https://va.vercel-scripts.com/v1/script.debug.js:0
[    8763ms] [LOG] %c[Vercel Web Analytics]%c [view] http://localhost:3000/ color: rgb(120, 120, 120) color: inherit {o: http://localhost:3000/, sv: 0.1.3, sdkn: @vercel/analytics/next, sdkv: 1.6.1, ts: 1781996467295} /_vercel/insights/view @ https://va.vercel-scripts.com/v1/script.debug.js:0
[    8763ms] [LOG] %c[Vercel Speed Insights]%c Debug mode is enabled by default in development. No requests will be sent to the server. color: rgb(120, 120, 120) color: inherit @ https://va.vercel-scripts.com/v1/speed-insights/script.debug.js:0
[   10556ms] [WARNING] Canvas2D: Multiple readback operations using getImageData are faster with the willReadFrequently attribute set to true. See: https://html.spec.whatwg.org/multipage/canvas.html#concept-canvas-will-read-frequently @ http://localhost:3000/_next/static/chunks/apps_web_components_2aa24bcb._.js:7039
[   10563ms] [LOG] [FilmCard] extracted rgb: 35, 23, 18 sat: 0.49 @ http://localhost:3000/_next/static/chunks/apps_web_components_2aa24bcb._.js:7077
[   10565ms] [WARNING] Canvas2D: Multiple readback operations using getImageData are faster with the willReadFrequently attribute set to true. See: https://html.spec.whatwg.org/multipage/canvas.html#concept-canvas-will-read-frequently @ http://localhost:3000/_next/static/chunks/apps_web_components_2aa24bcb._.js:7039
[   10566ms] [LOG] [FilmCard] extracted rgb: 35, 23, 18 sat: 0.49 @ http://localhost:3000/_next/static/chunks/apps_web_components_2aa24bcb._.js:7077
[   10573ms] [WARNING] Canvas2D: Multiple readback operations using getImageData are faster with the willReadFrequently attribute set to true. See: https://html.spec.whatwg.org/multipage/canvas.html#concept-canvas-will-read-frequently @ http://localhost:3000/_next/static/chunks/apps_web_components_2aa24bcb._.js:7039
[   10577ms] [LOG] [FilmCard] extracted rgb: 66, 45, 32 sat: 0.52 @ http://localhost:3000/_next/static/chunks/apps_web_components_2aa24bcb._.js:7077
[   10625ms] [WARNING] Canvas2D: Multiple readback operations using getImageData are faster with the willReadFrequently attribute set to true. See: https://html.spec.whatwg.org/multipage/canvas.html#concept-canvas-will-read-frequently @ http://localhost:3000/_next/static/chunks/apps_web_components_2aa24bcb._.js:7039
[   10629ms] [LOG] [FilmCard] extracted rgb: 224, 161, 17 sat: 0.92 @ http://localhost:3000/_next/static/chunks/apps_web_components_2aa24bcb._.js:7077
