[    3473ms] [INFO] %cDownload the React DevTools for a better development experience: https://react.dev/link/react-devtools font-weight:bold @ http://localhost:3001/_next/static/chunks/9453e_next_dist_compiled_react-dom_0f99cfc7._.js:14537
[    3909ms] [LOG] %c[Vercel Web Analytics]%c Debug mode is enabled by default in development. No requests will be sent to the server. color: rgb(120, 120, 120) color: inherit @ https://va.vercel-scripts.com/v1/script.debug.js:0
[    3909ms] [LOG] %c[Vercel Web Analytics]%c Running queued event color: rgb(120, 120, 120) color: inherit pageview {route: /landing, path: /landing} @ https://va.vercel-scripts.com/v1/script.debug.js:0
[    3910ms] [LOG] %c[Vercel Web Analytics]%c Running queued event color: rgb(120, 120, 120) color: inherit pageview {route: /landing, path: /landing} @ https://va.vercel-scripts.com/v1/script.debug.js:0
[    3910ms] [LOG] %c[Vercel Web Analytics]%c [view] http://localhost:3001/landing color: rgb(120, 120, 120) color: inherit {o: http://localhost:3001/landing, sv: 0.1.3, sdkn: @vercel/analytics/next, sdkv: 1.6.1, ts: 1781995652379} /_vercel/insights/view @ https://va.vercel-scripts.com/v1/script.debug.js:0
[    3910ms] [LOG] %c[Vercel Web Analytics]%c [view] http://localhost:3001/landing color: rgb(120, 120, 120) color: inherit {o: http://localhost:3001/landing, sv: 0.1.3, sdkn: @vercel/analytics/next, sdkv: 1.6.1, ts: 1781995652379} /_vercel/insights/view @ https://va.vercel-scripts.com/v1/script.debug.js:0
[    3911ms] [LOG] %c[Vercel Speed Insights]%c Debug mode is enabled by default in development. No requests will be sent to the server. color: rgb(120, 120, 120) color: inherit @ https://va.vercel-scripts.com/v1/speed-insights/script.debug.js:0
[    3995ms] [LOG] [Fast Refresh] rebuilding @ http://localhost:3001/_next/static/chunks/9453e_next_dist_client_0ce180a2._.js:5956
[    4063ms] [WARNING] Clerk: Clerk has been loaded with development keys. Development instances have strict usage limits and should not be used when deploying your application to production. Learn more: https://clerk.com/docs/deployments/overview @ https://polite-werewolf-55.clerk.accounts.dev/npm/@clerk/clerk-js@6/dist/clerk.browser.js:11
[    5033ms] [LOG] [Fast Refresh] done in 1138ms @ http://localhost:3001/_next/static/chunks/9453e_next_dist_client_0ce180a2._.js:5816
[    5737ms] [VERBOSE] [DOM] Password forms should have (optionally hidden) username fields for accessibility: (More info: https://goo.gl/9p2vKq) %o @ http://localhost:3001/landing:0
[    5737ms] [VERBOSE] [DOM] Password forms should have (optionally hidden) username fields for accessibility: (More info: https://goo.gl/9p2vKq) %o @ http://localhost:3001/landing:0
[   11857ms] [ERROR] Access to fetch at 'http://localhost:4000/v1/me/notifications?limit=50&unreadOnly=true' from origin 'http://localhost:3001' has been blocked by CORS policy: Response to preflight request doesn't pass access control check: No 'Access-Control-Allow-Origin' header is present on the requested resource. @ http://localhost:3001/landing:0
[   11857ms] [ERROR] Failed to load resource: net::ERR_FAILED @ http://localhost:4000/v1/me/notifications?limit=50&unreadOnly=true:0
[   11858ms] [ERROR] Access to fetch at 'http://localhost:4000/v1/me' from origin 'http://localhost:3001' has been blocked by CORS policy: Response to preflight request doesn't pass access control check: No 'Access-Control-Allow-Origin' header is present on the requested resource. @ http://localhost:3001/landing:0
[   11858ms] [ERROR] Failed to load resource: net::ERR_FAILED @ http://localhost:4000/v1/me:0
[   11894ms] [LOG] [Fast Refresh] rebuilding @ http://localhost:3001/_next/static/chunks/9453e_next_dist_client_0ce180a2._.js:5956
[   12271ms] [LOG] [Fast Refresh] done in 478ms @ http://localhost:3001/_next/static/chunks/9453e_next_dist_client_0ce180a2._.js:5816
[   12477ms] [LOG] %c[Vercel Speed Insights]%c [vitals] color: rgb(120, 120, 120) color: inherit {speed: 4g, metrics: Array(5), scriptVersion: 0.1.3, sdkName: @vercel/speed-insights/next, sdkVersion: 1.3.1} /_vercel/speed-insights/vitals @ https://va.vercel-scripts.com/v1/speed-insights/script.debug.js:0
[   12477ms] [LOG] %c[Vercel Speed Insights]%c [vitals] color: rgb(120, 120, 120) color: inherit {speed: 4g, metrics: Array(1), scriptVersion: 0.1.3, sdkName: @vercel/speed-insights/next, sdkVersion: 1.3.1} /_vercel/speed-insights/vitals @ https://va.vercel-scripts.com/v1/speed-insights/script.debug.js:0
[   12521ms] [INFO] %cDownload the React DevTools for a better development experience: https://react.dev/link/react-devtools font-weight:bold @ http://localhost:3001/_next/static/chunks/9453e_next_dist_compiled_react-dom_0f99cfc7._.js:14537
[   12701ms] [LOG] %c[Vercel Web Analytics]%c Debug mode is enabled by default in development. No requests will be sent to the server. color: rgb(120, 120, 120) color: inherit @ https://va.vercel-scripts.com/v1/script.debug.js:0
[   12701ms] [LOG] %c[Vercel Web Analytics]%c Running queued event color: rgb(120, 120, 120) color: inherit pageview {route: /, path: /} @ https://va.vercel-scripts.com/v1/script.debug.js:0
[   12701ms] [LOG] %c[Vercel Web Analytics]%c Running queued event color: rgb(120, 120, 120) color: inherit pageview {route: /, path: /} @ https://va.vercel-scripts.com/v1/script.debug.js:0
[   12701ms] [LOG] %c[Vercel Web Analytics]%c [view] http://localhost:3001/ color: rgb(120, 120, 120) color: inherit {o: http://localhost:3001/, sv: 0.1.3, sdkn: @vercel/analytics/next, sdkv: 1.6.1, ts: 1781995661170} /_vercel/insights/view @ https://va.vercel-scripts.com/v1/script.debug.js:0
[   12701ms] [LOG] %c[Vercel Web Analytics]%c [view] http://localhost:3001/ color: rgb(120, 120, 120) color: inherit {o: http://localhost:3001/, sv: 0.1.3, sdkn: @vercel/analytics/next, sdkv: 1.6.1, ts: 1781995661170} /_vercel/insights/view @ https://va.vercel-scripts.com/v1/script.debug.js:0
[   12701ms] [LOG] %c[Vercel Speed Insights]%c Debug mode is enabled by default in development. No requests will be sent to the server. color: rgb(120, 120, 120) color: inherit @ https://va.vercel-scripts.com/v1/speed-insights/script.debug.js:0
[   12747ms] [WARNING] Clerk: Clerk has been loaded with development keys. Development instances have strict usage limits and should not be used when deploying your application to production. Learn more: https://clerk.com/docs/deployments/overview @ https://polite-werewolf-55.clerk.accounts.dev/npm/@clerk/clerk-js@6/dist/clerk.browser.js:11
[   12897ms] [ERROR] Access to fetch at 'http://localhost:4000/v1/me/notifications?limit=50&unreadOnly=true' from origin 'http://localhost:3001' has been blocked by CORS policy: Response to preflight request doesn't pass access control check: No 'Access-Control-Allow-Origin' header is present on the requested resource. @ http://localhost:3001/:0
[   12898ms] [ERROR] Failed to load resource: net::ERR_FAILED @ http://localhost:4000/v1/me/notifications?limit=50&unreadOnly=true:0
[   12898ms] [ERROR] Access to fetch at 'http://localhost:4000/v1/me/onboarding-status' from origin 'http://localhost:3001' has been blocked by CORS policy: Response to preflight request doesn't pass access control check: No 'Access-Control-Allow-Origin' header is present on the requested resource. @ http://localhost:3001/:0
[   12898ms] [ERROR] Failed to load resource: net::ERR_FAILED @ http://localhost:4000/v1/me/onboarding-status:0
[   12900ms] [ERROR] Access to fetch at 'http://localhost:4000/v1/me/notifications?limit=10' from origin 'http://localhost:3001' has been blocked by CORS policy: Response to preflight request doesn't pass access control check: No 'Access-Control-Allow-Origin' header is present on the requested resource. @ http://localhost:3001/:0
[   12900ms] [ERROR] Failed to load resource: net::ERR_FAILED @ http://localhost:4000/v1/me/notifications?limit=10:0
[   12900ms] [ERROR] Access to fetch at 'http://localhost:4000/v1/me' from origin 'http://localhost:3001' has been blocked by CORS policy: Response to preflight request doesn't pass access control check: No 'Access-Control-Allow-Origin' header is present on the requested resource. @ http://localhost:3001/:0
[   12900ms] [ERROR] Failed to load resource: net::ERR_FAILED @ http://localhost:4000/v1/me:0
[   12900ms] [ERROR] Access to fetch at 'http://localhost:4000/v1/me/settings' from origin 'http://localhost:3001' has been blocked by CORS policy: Response to preflight request doesn't pass access control check: No 'Access-Control-Allow-Origin' header is present on the requested resource. @ http://localhost:3001/:0
[   12901ms] [ERROR] Failed to load resource: net::ERR_FAILED @ http://localhost:4000/v1/me/settings:0
[   12901ms] [ERROR] Access to fetch at 'http://localhost:4000/v1/feed?limit=20' from origin 'http://localhost:3001' has been blocked by CORS policy: Response to preflight request doesn't pass access control check: No 'Access-Control-Allow-Origin' header is present on the requested resource. @ http://localhost:3001/:0
[   12901ms] [ERROR] Failed to load resource: net::ERR_FAILED @ http://localhost:4000/v1/feed?limit=20:0
[   12901ms] [ERROR] Access to fetch at 'http://localhost:4000/v1/suggestions/users?limit=5' from origin 'http://localhost:3001' has been blocked by CORS policy: Response to preflight request doesn't pass access control check: No 'Access-Control-Allow-Origin' header is present on the requested resource. @ http://localhost:3001/:0
[   12901ms] [ERROR] Failed to load resource: net::ERR_FAILED @ http://localhost:4000/v1/suggestions/users?limit=5:0
[   13902ms] [ERROR] Access to fetch at 'http://localhost:4000/v1/me/notifications?limit=50&unreadOnly=true' from origin 'http://localhost:3001' has been blocked by CORS policy: Response to preflight request doesn't pass access control check: No 'Access-Control-Allow-Origin' header is present on the requested resource. @ http://localhost:3001/:0
[   13902ms] [ERROR] Failed to load resource: net::ERR_FAILED @ http://localhost:4000/v1/me/notifications?limit=50&unreadOnly=true:0
[   13902ms] [ERROR] Access to fetch at 'http://localhost:4000/v1/me/onboarding-status' from origin 'http://localhost:3001' has been blocked by CORS policy: Response to preflight request doesn't pass access control check: No 'Access-Control-Allow-Origin' header is present on the requested resource. @ http://localhost:3001/:0
[   13902ms] [ERROR] Failed to load resource: net::ERR_FAILED @ http://localhost:4000/v1/me/onboarding-status:0
[   13903ms] [ERROR] Access to fetch at 'http://localhost:4000/v1/me/notifications?limit=10' from origin 'http://localhost:3001' has been blocked by CORS policy: Response to preflight request doesn't pass access control check: No 'Access-Control-Allow-Origin' header is present on the requested resource. @ http://localhost:3001/:0
[   13903ms] [ERROR] Failed to load resource: net::ERR_FAILED @ http://localhost:4000/v1/me/notifications?limit=10:0
[   13903ms] [ERROR] Access to fetch at 'http://localhost:4000/v1/me' from origin 'http://localhost:3001' has been blocked by CORS policy: Response to preflight request doesn't pass access control check: No 'Access-Control-Allow-Origin' header is present on the requested resource. @ http://localhost:3001/:0
[   13903ms] [ERROR] Failed to load resource: net::ERR_FAILED @ http://localhost:4000/v1/me:0
[   13908ms] [ERROR] Access to fetch at 'http://localhost:4000/v1/me/settings' from origin 'http://localhost:3001' has been blocked by CORS policy: Response to preflight request doesn't pass access control check: No 'Access-Control-Allow-Origin' header is present on the requested resource. @ http://localhost:3001/:0
[   13908ms] [ERROR] Failed to load resource: net::ERR_FAILED @ http://localhost:4000/v1/me/settings:0
[   13908ms] [ERROR] Access to fetch at 'http://localhost:4000/v1/feed?limit=20' from origin 'http://localhost:3001' has been blocked by CORS policy: Response to preflight request doesn't pass access control check: No 'Access-Control-Allow-Origin' header is present on the requested resource. @ http://localhost:3001/:0
[   13908ms] [ERROR] Failed to load resource: net::ERR_FAILED @ http://localhost:4000/v1/feed?limit=20:0
[   13909ms] [ERROR] Access to fetch at 'http://localhost:4000/v1/suggestions/users?limit=5' from origin 'http://localhost:3001' has been blocked by CORS policy: Response to preflight request doesn't pass access control check: No 'Access-Control-Allow-Origin' header is present on the requested resource. @ http://localhost:3001/:0
[   13909ms] [ERROR] Failed to load resource: net::ERR_FAILED @ http://localhost:4000/v1/suggestions/users?limit=5:0
[   15912ms] [ERROR] Access to fetch at 'http://localhost:4000/v1/feed?limit=20' from origin 'http://localhost:3001' has been blocked by CORS policy: Response to preflight request doesn't pass access control check: No 'Access-Control-Allow-Origin' header is present on the requested resource. @ http://localhost:3001/:0
[   15912ms] [ERROR] Failed to load resource: net::ERR_FAILED @ http://localhost:4000/v1/feed?limit=20:0
[   18905ms] [ERROR] Access to fetch at 'http://localhost:4000/v1/me/notifications?limit=50&unreadOnly=true' from origin 'http://localhost:3001' has been blocked by CORS policy: Response to preflight request doesn't pass access control check: No 'Access-Control-Allow-Origin' header is present on the requested resource. @ http://localhost:3001/:0
[   18905ms] [ERROR] Failed to load resource: net::ERR_FAILED @ http://localhost:4000/v1/me/notifications?limit=50&unreadOnly=true:0
[   18905ms] [ERROR] Access to fetch at 'http://localhost:4000/v1/me/notifications?limit=10' from origin 'http://localhost:3001' has been blocked by CORS policy: Response to preflight request doesn't pass access control check: No 'Access-Control-Allow-Origin' header is present on the requested resource. @ http://localhost:3001/:0
[   18905ms] [ERROR] Failed to load resource: net::ERR_FAILED @ http://localhost:4000/v1/me/notifications?limit=10:0
[   19913ms] [ERROR] Access to fetch at 'http://localhost:4000/v1/me/notifications?limit=50&unreadOnly=true' from origin 'http://localhost:3001' has been blocked by CORS policy: Response to preflight request doesn't pass access control check: No 'Access-Control-Allow-Origin' header is present on the requested resource. @ http://localhost:3001/:0
[   19913ms] [ERROR] Failed to load resource: net::ERR_FAILED @ http://localhost:4000/v1/me/notifications?limit=50&unreadOnly=true:0
[   19914ms] [ERROR] Access to fetch at 'http://localhost:4000/v1/me/notifications?limit=10' from origin 'http://localhost:3001' has been blocked by CORS policy: Response to preflight request doesn't pass access control check: No 'Access-Control-Allow-Origin' header is present on the requested resource. @ http://localhost:3001/:0
[   19914ms] [ERROR] Failed to load resource: net::ERR_FAILED @ http://localhost:4000/v1/me/notifications?limit=10:0
[   24921ms] [ERROR] Access to fetch at 'http://localhost:4000/v1/me/notifications?limit=50&unreadOnly=true' from origin 'http://localhost:3001' has been blocked by CORS policy: Response to preflight request doesn't pass access control check: No 'Access-Control-Allow-Origin' header is present on the requested resource. @ http://localhost:3001/:0
[   24921ms] [ERROR] Failed to load resource: net::ERR_FAILED @ http://localhost:4000/v1/me/notifications?limit=50&unreadOnly=true:0
[   24921ms] [ERROR] Access to fetch at 'http://localhost:4000/v1/me/notifications?limit=10' from origin 'http://localhost:3001' has been blocked by CORS policy: Response to preflight request doesn't pass access control check: No 'Access-Control-Allow-Origin' header is present on the requested resource. @ http://localhost:3001/:0
[   24921ms] [ERROR] Failed to load resource: net::ERR_FAILED @ http://localhost:4000/v1/me/notifications?limit=10:0
[   25924ms] [ERROR] Access to fetch at 'http://localhost:4000/v1/me/notifications?limit=50&unreadOnly=true' from origin 'http://localhost:3001' has been blocked by CORS policy: Response to preflight request doesn't pass access control check: No 'Access-Control-Allow-Origin' header is present on the requested resource. @ http://localhost:3001/:0
[   25924ms] [ERROR] Failed to load resource: net::ERR_FAILED @ http://localhost:4000/v1/me/notifications?limit=50&unreadOnly=true:0
[   25924ms] [ERROR] Access to fetch at 'http://localhost:4000/v1/me/notifications?limit=10' from origin 'http://localhost:3001' has been blocked by CORS policy: Response to preflight request doesn't pass access control check: No 'Access-Control-Allow-Origin' header is present on the requested resource. @ http://localhost:3001/:0
[   25924ms] [ERROR] Failed to load resource: net::ERR_FAILED @ http://localhost:4000/v1/me/notifications?limit=10:0
[   30930ms] [ERROR] Access to fetch at 'http://localhost:4000/v1/me/notifications?limit=50&unreadOnly=true' from origin 'http://localhost:3001' has been blocked by CORS policy: Response to preflight request doesn't pass access control check: No 'Access-Control-Allow-Origin' header is present on the requested resource. @ http://localhost:3001/:0
[   30930ms] [ERROR] Failed to load resource: net::ERR_FAILED @ http://localhost:4000/v1/me/notifications?limit=50&unreadOnly=true:0
[   30931ms] [ERROR] Access to fetch at 'http://localhost:4000/v1/me/notifications?limit=10' from origin 'http://localhost:3001' has been blocked by CORS policy: Response to preflight request doesn't pass access control check: No 'Access-Control-Allow-Origin' header is present on the requested resource. @ http://localhost:3001/:0
[   30931ms] [ERROR] Failed to load resource: net::ERR_FAILED @ http://localhost:4000/v1/me/notifications?limit=10:0
[   31940ms] [ERROR] Access to fetch at 'http://localhost:4000/v1/me/notifications?limit=50&unreadOnly=true' from origin 'http://localhost:3001' has been blocked by CORS policy: Response to preflight request doesn't pass access control check: No 'Access-Control-Allow-Origin' header is present on the requested resource. @ http://localhost:3001/:0
[   31940ms] [ERROR] Failed to load resource: net::ERR_FAILED @ http://localhost:4000/v1/me/notifications?limit=50&unreadOnly=true:0
[   31940ms] [ERROR] Access to fetch at 'http://localhost:4000/v1/me/notifications?limit=10' from origin 'http://localhost:3001' has been blocked by CORS policy: Response to preflight request doesn't pass access control check: No 'Access-Control-Allow-Origin' header is present on the requested resource. @ http://localhost:3001/:0
[   31940ms] [ERROR] Failed to load resource: net::ERR_FAILED @ http://localhost:4000/v1/me/notifications?limit=10:0
[   36943ms] [ERROR] Access to fetch at 'http://localhost:4000/v1/me/notifications?limit=50&unreadOnly=true' from origin 'http://localhost:3001' has been blocked by CORS policy: Response to preflight request doesn't pass access control check: No 'Access-Control-Allow-Origin' header is present on the requested resource. @ http://localhost:3001/:0
[   36943ms] [ERROR] Failed to load resource: net::ERR_FAILED @ http://localhost:4000/v1/me/notifications?limit=50&unreadOnly=true:0
[   36943ms] [ERROR] Access to fetch at 'http://localhost:4000/v1/me/notifications?limit=10' from origin 'http://localhost:3001' has been blocked by CORS policy: Response to preflight request doesn't pass access control check: No 'Access-Control-Allow-Origin' header is present on the requested resource. @ http://localhost:3001/:0
[   36943ms] [ERROR] Failed to load resource: net::ERR_FAILED @ http://localhost:4000/v1/me/notifications?limit=10:0
[   37285ms] [LOG] %c[Vercel Speed Insights]%c [vitals] color: rgb(120, 120, 120) color: inherit {speed: 4g, metrics: Array(3), scriptVersion: 0.1.3, sdkName: @vercel/speed-insights/next, sdkVersion: 1.3.1} /_vercel/speed-insights/vitals @ https://va.vercel-scripts.com/v1/speed-insights/script.debug.js:0
[   37285ms] [LOG] %c[Vercel Speed Insights]%c [vitals] color: rgb(120, 120, 120) color: inherit {speed: 4g, metrics: Array(1), scriptVersion: 0.1.3, sdkName: @vercel/speed-insights/next, sdkVersion: 1.3.1} /_vercel/speed-insights/vitals @ https://va.vercel-scripts.com/v1/speed-insights/script.debug.js:0
