[     590ms] [INFO] %cDownload the React DevTools for a better development experience: https://react.dev/link/react-devtools font-weight:bold @ http://localhost:3000/_next/static/chunks/9453e_next_dist_compiled_react-dom_0f99cfc7._.js:14537
[     962ms] [LOG] [Fast Refresh] rebuilding @ http://localhost:3000/_next/static/chunks/9453e_next_dist_client_0ce180a2._.js:5956
[     967ms] [LOG] [Fast Refresh] done in 197ms @ http://localhost:3000/_next/static/chunks/9453e_next_dist_client_0ce180a2._.js:5816
[    1038ms] [LOG] %c[Vercel Web Analytics]%c Debug mode is enabled by default in development. No requests will be sent to the server. color: rgb(120, 120, 120) color: inherit @ https://va.vercel-scripts.com/v1/script.debug.js:0
[    1038ms] [LOG] %c[Vercel Web Analytics]%c Running queued event color: rgb(120, 120, 120) color: inherit pageview {route: /landing, path: /landing} @ https://va.vercel-scripts.com/v1/script.debug.js:0
[    1039ms] [LOG] %c[Vercel Web Analytics]%c Running queued event color: rgb(120, 120, 120) color: inherit pageview {route: /landing, path: /landing} @ https://va.vercel-scripts.com/v1/script.debug.js:0
[    1039ms] [LOG] %c[Vercel Web Analytics]%c [view] http://localhost:3000/landing color: rgb(120, 120, 120) color: inherit {o: http://localhost:3000/landing, sv: 0.1.3, sdkn: @vercel/analytics/next, sdkv: 1.6.1, ts: 1782682741273} /_vercel/insights/view @ https://va.vercel-scripts.com/v1/script.debug.js:0
[    1039ms] [LOG] %c[Vercel Web Analytics]%c [view] http://localhost:3000/landing color: rgb(120, 120, 120) color: inherit {o: http://localhost:3000/landing, sv: 0.1.3, sdkn: @vercel/analytics/next, sdkv: 1.6.1, ts: 1782682741273} /_vercel/insights/view @ https://va.vercel-scripts.com/v1/script.debug.js:0
[    1049ms] [LOG] %c[Vercel Speed Insights]%c Debug mode is enabled by default in development. No requests will be sent to the server. color: rgb(120, 120, 120) color: inherit @ https://va.vercel-scripts.com/v1/speed-insights/script.debug.js:0
[    1170ms] [WARNING] Clerk: Clerk has been loaded with development keys. Development instances have strict usage limits and should not be used when deploying your application to production. Learn more: https://clerk.com/docs/deployments/overview @ https://polite-werewolf-55.clerk.accounts.dev/npm/@clerk/clerk-js@6/dist/clerk.browser.js:11
[    2667ms] [WARNING] Image with src "https://image.tmdb.org/t/p/w500/6oom5QYQ2yQTMJIbnvbkBL9cHo6.jpg" was detected as the Largest Contentful Paint (LCP). Please add the "priority" property if this image is above the fold.
Read more: https://nextjs.org/docs/api-reference/next/image#priority @ http://localhost:3000/_next/static/chunks/9453e_next_dist_4342e29e._.js:1014
[    3248ms] [VERBOSE] [DOM] Password forms should have (optionally hidden) username fields for accessibility: (More info: https://goo.gl/9p2vKq) %o @ http://localhost:3000/landing:0
[    3248ms] [VERBOSE] [DOM] Password forms should have (optionally hidden) username fields for accessibility: (More info: https://goo.gl/9p2vKq) %o @ http://localhost:3000/landing:0
[   11861ms] [LOG] [Fast Refresh] rebuilding @ http://localhost:3000/_next/static/chunks/9453e_next_dist_client_0ce180a2._.js:5956
[   12596ms] [LOG] [Fast Refresh] done in 836ms @ http://localhost:3000/_next/static/chunks/9453e_next_dist_client_0ce180a2._.js:5816
[   12697ms] [LOG] [Fast Refresh] rebuilding @ http://localhost:3000/_next/static/chunks/9453e_next_dist_client_0ce180a2._.js:5956
[   12781ms] [LOG] [Fast Refresh] done in 185ms @ http://localhost:3000/_next/static/chunks/9453e_next_dist_client_0ce180a2._.js:5816
[   12787ms] [LOG] %c[Vercel Speed Insights]%c [vitals] color: rgb(120, 120, 120) color: inherit {speed: 4g, metrics: Array(5), scriptVersion: 0.1.3, sdkName: @vercel/speed-insights/next, sdkVersion: 1.3.1} /_vercel/speed-insights/vitals @ https://va.vercel-scripts.com/v1/speed-insights/script.debug.js:0
[   12787ms] [LOG] %c[Vercel Speed Insights]%c [vitals] color: rgb(120, 120, 120) color: inherit {speed: 4g, metrics: Array(1), scriptVersion: 0.1.3, sdkName: @vercel/speed-insights/next, sdkVersion: 1.3.1} /_vercel/speed-insights/vitals @ https://va.vercel-scripts.com/v1/speed-insights/script.debug.js:0
[   12835ms] [INFO] %cDownload the React DevTools for a better development experience: https://react.dev/link/react-devtools font-weight:bold @ http://localhost:3000/_next/static/chunks/9453e_next_dist_compiled_react-dom_0f99cfc7._.js:14537
[   12945ms] [LOG] %c[Vercel Web Analytics]%c Debug mode is enabled by default in development. No requests will be sent to the server. color: rgb(120, 120, 120) color: inherit @ https://va.vercel-scripts.com/v1/script.debug.js:0
[   12945ms] [LOG] %c[Vercel Web Analytics]%c Running queued event color: rgb(120, 120, 120) color: inherit pageview {route: /login, path: /login} @ https://va.vercel-scripts.com/v1/script.debug.js:0
[   12945ms] [LOG] %c[Vercel Web Analytics]%c Running queued event color: rgb(120, 120, 120) color: inherit pageview {route: /login, path: /login} @ https://va.vercel-scripts.com/v1/script.debug.js:0
[   12945ms] [LOG] %c[Vercel Web Analytics]%c [view] http://localhost:3000/login color: rgb(120, 120, 120) color: inherit {o: http://localhost:3000/login, sv: 0.1.3, sdkn: @vercel/analytics/next, sdkv: 1.6.1, ts: 1782682753180} /_vercel/insights/view @ https://va.vercel-scripts.com/v1/script.debug.js:0
[   12945ms] [LOG] %c[Vercel Web Analytics]%c [view] http://localhost:3000/login color: rgb(120, 120, 120) color: inherit {o: http://localhost:3000/login, sv: 0.1.3, sdkn: @vercel/analytics/next, sdkv: 1.6.1, ts: 1782682753180} /_vercel/insights/view @ https://va.vercel-scripts.com/v1/script.debug.js:0
[   12945ms] [LOG] %c[Vercel Speed Insights]%c Debug mode is enabled by default in development. No requests will be sent to the server. color: rgb(120, 120, 120) color: inherit @ https://va.vercel-scripts.com/v1/speed-insights/script.debug.js:0
[   12994ms] [LOG] [Fast Refresh] rebuilding @ http://localhost:3000/_next/static/chunks/9453e_next_dist_client_0ce180a2._.js:5956
[   13010ms] [LOG] [Fast Refresh] done in 118ms @ http://localhost:3000/_next/static/chunks/9453e_next_dist_client_0ce180a2._.js:5816
[   13052ms] [WARNING] Clerk: Clerk has been loaded with development keys. Development instances have strict usage limits and should not be used when deploying your application to production. Learn more: https://clerk.com/docs/deployments/overview @ https://polite-werewolf-55.clerk.accounts.dev/npm/@clerk/clerk-js@6/dist/clerk.browser.js:11
[   20528ms] [ERROR] Failed to load resource: net::ERR_CONNECTION_REFUSED @ http://localhost:4000/v1/me/notifications?limit=50&unreadOnly=true:0
[   20528ms] [ERROR] Failed to load resource: net::ERR_CONNECTION_REFUSED @ http://localhost:4000/v1/me:0
[   20528ms] [ERROR] Failed to load resource: net::ERR_CONNECTION_REFUSED @ http://localhost:4000/v1/me/settings:0
[   20635ms] [LOG] %c[Vercel Speed Insights]%c [vitals] color: rgb(120, 120, 120) color: inherit {speed: 4g, metrics: Array(5), scriptVersion: 0.1.3, sdkName: @vercel/speed-insights/next, sdkVersion: 1.3.1} /_vercel/speed-insights/vitals @ https://va.vercel-scripts.com/v1/speed-insights/script.debug.js:0
[   20636ms] [LOG] %c[Vercel Speed Insights]%c [vitals] color: rgb(120, 120, 120) color: inherit {speed: 4g, metrics: Array(1), scriptVersion: 0.1.3, sdkName: @vercel/speed-insights/next, sdkVersion: 1.3.1} /_vercel/speed-insights/vitals @ https://va.vercel-scripts.com/v1/speed-insights/script.debug.js:0
[   20681ms] [INFO] %cDownload the React DevTools for a better development experience: https://react.dev/link/react-devtools font-weight:bold @ http://localhost:3000/_next/static/chunks/9453e_next_dist_compiled_react-dom_0f99cfc7._.js:14537
[   20873ms] [LOG] %c[Vercel Web Analytics]%c Debug mode is enabled by default in development. No requests will be sent to the server. color: rgb(120, 120, 120) color: inherit @ https://va.vercel-scripts.com/v1/script.debug.js:0
[   20873ms] [LOG] %c[Vercel Web Analytics]%c Running queued event color: rgb(120, 120, 120) color: inherit pageview {route: /, path: /} @ https://va.vercel-scripts.com/v1/script.debug.js:0
[   20873ms] [LOG] %c[Vercel Web Analytics]%c Running queued event color: rgb(120, 120, 120) color: inherit pageview {route: /, path: /} @ https://va.vercel-scripts.com/v1/script.debug.js:0
[   20873ms] [LOG] %c[Vercel Web Analytics]%c [view] http://localhost:3000/ color: rgb(120, 120, 120) color: inherit {o: http://localhost:3000/, sv: 0.1.3, sdkn: @vercel/analytics/next, sdkv: 1.6.1, ts: 1782682761108} /_vercel/insights/view @ https://va.vercel-scripts.com/v1/script.debug.js:0
[   20873ms] [LOG] %c[Vercel Web Analytics]%c [view] http://localhost:3000/ color: rgb(120, 120, 120) color: inherit {o: http://localhost:3000/, sv: 0.1.3, sdkn: @vercel/analytics/next, sdkv: 1.6.1, ts: 1782682761108} /_vercel/insights/view @ https://va.vercel-scripts.com/v1/script.debug.js:0
[   20873ms] [LOG] %c[Vercel Speed Insights]%c Debug mode is enabled by default in development. No requests will be sent to the server. color: rgb(120, 120, 120) color: inherit @ https://va.vercel-scripts.com/v1/speed-insights/script.debug.js:0
[   20921ms] [WARNING] Clerk: Clerk has been loaded with development keys. Development instances have strict usage limits and should not be used when deploying your application to production. Learn more: https://clerk.com/docs/deployments/overview @ https://polite-werewolf-55.clerk.accounts.dev/npm/@clerk/clerk-js@6/dist/clerk.browser.js:11
[   23918ms] [WARNING] Canvas2D: Multiple readback operations using getImageData are faster with the willReadFrequently attribute set to true. See: https://html.spec.whatwg.org/multipage/canvas.html#concept-canvas-will-read-frequently @ http://localhost:3000/_next/static/chunks/apps_web_components_d144a56b._.js:9706
[   23971ms] [LOG] [FilmCard] extracted rgb: 108, 87, 24 sat: 0.78 @ http://localhost:3000/_next/static/chunks/apps_web_components_d144a56b._.js:9744
[   31946ms] [LOG] [Fast Refresh] rebuilding @ http://localhost:3000/_next/static/chunks/9453e_next_dist_client_0ce180a2._.js:5956
[   32023ms] [LOG] [Fast Refresh] done in 136ms @ http://localhost:3000/_next/static/chunks/9453e_next_dist_client_0ce180a2._.js:5816
[   32130ms] [LOG] [Fast Refresh] rebuilding @ http://localhost:3000/_next/static/chunks/9453e_next_dist_client_0ce180a2._.js:5956
[   32131ms] [LOG] [Fast Refresh] done in 103ms @ http://localhost:3000/_next/static/chunks/9453e_next_dist_client_0ce180a2._.js:5816
[   32342ms] [LOG] %c[Vercel Web Analytics]%c [view] http://localhost:3000/ color: rgb(120, 120, 120) color: inherit {o: http://localhost:3000/, sv: 0.1.3, sdkn: @vercel/analytics/next, sdkv: 1.6.1, ts: 1782682772569} /_vercel/insights/view @ https://va.vercel-scripts.com/v1/script.debug.js:0
[   32643ms] [LOG] [FilmCard] extracted rgb: 107, 86, 24 sat: 0.78 @ http://localhost:3000/_next/static/chunks/apps_web_components_d144a56b._.js:9744
[   41970ms] [LOG] %c[Vercel Speed Insights]%c [vitals] color: rgb(120, 120, 120) color: inherit {speed: 4g, metrics: Array(4), scriptVersion: 0.1.3, sdkName: @vercel/speed-insights/next, sdkVersion: 1.3.1} /_vercel/speed-insights/vitals @ https://va.vercel-scripts.com/v1/speed-insights/script.debug.js:0
[   42020ms] [LOG] %c[Vercel Web Analytics]%c [view] http://localhost:3000/kubrick/post/39dd3f1d-fc5e-4cca-925c-4e9d52d88e51 color: rgb(120, 120, 120) color: inherit {o: http://localhost:3000/kubrick/post/39dd3f1d-fc5e-4cca-925c-4e9d52d88e51, sv: 0.1.3, sdkn: @vercel/analytics/next, sdkv: 1.6.1, ts: 1782682782238} /_vercel/insights/view @ https://va.vercel-scripts.com/v1/script.debug.js:0
[   45639ms] [LOG] %c[Vercel Web Analytics]%c [view] http://localhost:3000/ color: rgb(120, 120, 120) color: inherit {o: http://localhost:3000/, sv: 0.1.3, sdkn: @vercel/analytics/next, sdkv: 1.6.1, ts: 1782682785845} /_vercel/insights/view @ https://va.vercel-scripts.com/v1/script.debug.js:0
[   46027ms] [WARNING] Canvas2D: Multiple readback operations using getImageData are faster with the willReadFrequently attribute set to true. See: https://html.spec.whatwg.org/multipage/canvas.html#concept-canvas-will-read-frequently @ http://localhost:3000/_next/static/chunks/apps_web_components_d144a56b._.js:9706
[   46028ms] [LOG] [FilmCard] extracted rgb: 108, 87, 24 sat: 0.78 @ http://localhost:3000/_next/static/chunks/apps_web_components_d144a56b._.js:9744
[   55630ms] [ERROR] Failed to load resource: net::ERR_CONNECTION_REFUSED @ http://localhost:4000/v1/follows/requests/received?limit=1:0
[   58941ms] [LOG] [Fast Refresh] rebuilding @ http://localhost:3000/_next/static/chunks/9453e_next_dist_client_0ce180a2._.js:5956
[   59058ms] [LOG] [Fast Refresh] done in 158ms @ http://localhost:3000/_next/static/chunks/9453e_next_dist_client_0ce180a2._.js:5816
[   65054ms] [LOG] [Fast Refresh] rebuilding @ http://localhost:3000/_next/static/chunks/9453e_next_dist_client_0ce180a2._.js:5956
[   65109ms] [LOG] [Fast Refresh] done in 132ms @ http://localhost:3000/_next/static/chunks/9453e_next_dist_client_0ce180a2._.js:5816
[   68812ms] [ERROR] Failed to load resource: net::ERR_CONNECTION_REFUSED @ http://localhost:4000/v1/me/notifications?limit=50&unreadOnly=true:0
[   69948ms] [LOG] [Fast Refresh] rebuilding @ http://localhost:3000/_next/static/chunks/9453e_next_dist_client_0ce180a2._.js:5956
[   70003ms] [LOG] [Fast Refresh] done in 119ms @ http://localhost:3000/_next/static/chunks/9453e_next_dist_client_0ce180a2._.js:5816
[   77453ms] [LOG] [Fast Refresh] rebuilding @ http://localhost:3000/_next/static/chunks/9453e_next_dist_client_0ce180a2._.js:5956
[   77581ms] [LOG] [Fast Refresh] done in 230ms @ http://localhost:3000/_next/static/chunks/9453e_next_dist_client_0ce180a2._.js:5816
[   83377ms] [ERROR] Failed to load resource: net::ERR_CONNECTION_REFUSED @ http://localhost:4000/v1/me/notifications?limit=10:0
[  105563ms] [LOG] [Fast Refresh] rebuilding @ http://localhost:3000/_next/static/chunks/9453e_next_dist_client_0ce180a2._.js:5956
[  105571ms] [LOG] [Fast Refresh] done in 109ms @ http://localhost:3000/_next/static/chunks/9453e_next_dist_client_0ce180a2._.js:5816
[  108196ms] [ERROR] Failed to load resource: net::ERR_CONNECTION_REFUSED @ http://localhost:4000/v1/follows/requests/received?limit=1:0
[  109856ms] [ERROR] Failed to load resource: net::ERR_CONNECTION_REFUSED @ http://localhost:4000/v1/follows/requests/received?limit=1:0
[  156424ms] [ERROR] Failed to load resource: net::ERR_CONNECTION_REFUSED @ http://localhost:4000/v1/me/notifications?limit=50&unreadOnly=true:0
[  156794ms] [ERROR] Failed to load resource: net::ERR_CONNECTION_REFUSED @ http://localhost:4000/v1/me/notifications?limit=10:0
[  157426ms] [ERROR] Failed to load resource: net::ERR_CONNECTION_REFUSED @ http://localhost:4000/v1/me/notifications?limit=50&unreadOnly=true:0
[  157796ms] [ERROR] Failed to load resource: net::ERR_CONNECTION_REFUSED @ http://localhost:4000/v1/me/notifications?limit=10:0
[  179227ms] [LOG] [Fast Refresh] rebuilding @ http://localhost:3000/_next/static/chunks/9453e_next_dist_client_0ce180a2._.js:5956
[  179619ms] [LOG] [Fast Refresh] done in 493ms @ http://localhost:3000/_next/static/chunks/9453e_next_dist_client_0ce180a2._.js:5816
[  179765ms] [LOG] [Fast Refresh] rebuilding @ http://localhost:3000/_next/static/chunks/9453e_next_dist_client_0ce180a2._.js:5956
[  179940ms] [LOG] [Fast Refresh] done in 277ms @ http://localhost:3000/_next/static/chunks/9453e_next_dist_client_0ce180a2._.js:5816
[  181698ms] [LOG] [Fast Refresh] rebuilding @ http://localhost:3000/_next/static/chunks/9453e_next_dist_client_0ce180a2._.js:5956
[  181778ms] [LOG] [Fast Refresh] done in 154ms @ http://localhost:3000/_next/static/chunks/9453e_next_dist_client_0ce180a2._.js:5816
[  182531ms] [LOG] [Fast Refresh] rebuilding @ http://localhost:3000/_next/static/chunks/9453e_next_dist_client_0ce180a2._.js:5956
[  183165ms] [ERROR] Failed to load resource: the server responded with a status of 500 (Internal Server Error) @ http://localhost:3000/?_rsc=_mjR7ylJSLpkZcZ3:0
[  183361ms] [ERROR] Failed to load resource: the server responded with a status of 500 (Internal Server Error) @ http://localhost:3000/?_rsc=_mjR7ylJSLpkZcZ3:0
[  183545ms] [ERROR] Failed to load resource: the server responded with a status of 500 (Internal Server Error) @ http://localhost:3000/?_rsc=_mjR7ylJSLpkZcZ3:0
[  183727ms] [LOG] %c[Vercel Speed Insights]%c [vitals] color: rgb(120, 120, 120) color: inherit {speed: 4g, metrics: Array(1), scriptVersion: 0.1.3, sdkName: @vercel/speed-insights/next, sdkVersion: 1.3.1} /_vercel/speed-insights/vitals @ https://va.vercel-scripts.com/v1/speed-insights/script.debug.js:0
[  183727ms] [LOG] %c[Vercel Speed Insights]%c [vitals] color: rgb(120, 120, 120) color: inherit {speed: 4g, metrics: Array(1), scriptVersion: 0.1.3, sdkName: @vercel/speed-insights/next, sdkVersion: 1.3.1} /_vercel/speed-insights/vitals @ https://va.vercel-scripts.com/v1/speed-insights/script.debug.js:0
[  183730ms] [ERROR] Failed to load resource: the server responded with a status of 500 (Internal Server Error) @ http://localhost:3000/:0
[  183765ms] [ERROR] Failed to load resource: the server responded with a status of 500 (Internal Server Error) @ http://localhost:3000/favicon.ico:0
